Cache directory: /home/ubuntu/.cache/autoresearch

Data: downloading 465 shards (11 already exist)...
  Downloaded shard_00010.parquet
  Downloaded shard_00011.parquet
  Downloaded shard_00012.parquet
  Downloaded shard_00013.parquet
  Downloaded shard_00014.parquet
  Downloaded shard_00120.parquet
  Downloaded shard_00121.parquet
  Downloaded shard_00122.parquet
  Downloaded shard_00123.parquet
  Downloaded shard_00124.parquet
  Downloaded shard_00125.parquet
  Downloaded shard_00126.parquet
  Downloaded shard_00127.parquet
  Downloaded shard_00128.parquet
  Downloaded shard_00129.parquet
  Downloaded shard_00130.parquet
  Downloaded shard_00131.parquet
  Downloaded shard_00132.parquet
  Downloaded shard_00133.parquet
  Downloaded shard_00134.parquet
  Downloaded shard_00240.parquet
  Downloaded shard_00241.parquet
  Downloaded shard_00242.parquet
  Downloaded shard_00243.parquet
  Downloaded shard_00244.parquet
  Downloaded shard_00245.parquet
  Downloaded shard_00246.parquet
  Downloaded shard_00247.parquet
  Downloaded shard_00248.parquet
  Downloaded shard_00249.parquet
  Downloaded shard_00250.parquet
  Downloaded shard_00251.parquet
  Downloaded shard_00252.parquet
  Downloaded shard_00253.parquet
  Downloaded shard_00254.parquet
  Downloaded shard_00360.parquet
  Downloaded shard_00361.parquet
  Downloaded shard_00362.parquet
  Downloaded shard_00363.parquet
  Downloaded shard_00364.parquet
  Downloaded shard_00365.parquet
  Downloaded shard_00366.parquet
  Downloaded shard_00367.parquet
  Downloaded shard_00368.parquet
  Downloaded shard_00369.parquet
  Downloaded shard_00370.parquet
  Downloaded shard_00371.parquet
  Downloaded shard_00372.parquet
  Downloaded shard_00373.parquet
  Downloaded shard_00374.parquet
Data: 476/476 shards ready at /home/ubuntu/.cache/autoresearch/data

Tokenizer: already trained at /home/ubuntu/.cache/autoresearch/tokenizer

Done! Ready to train.
