[2026-03-15 14:10:43] Early monitoring: {"kill_condition_triggered": false, "runs": [{"architectural": 39, "hp_only": 0, "run_dir": "/home/ubuntu/storage1/recursive-mol/results/smiles/run_1", "unclear": 61}, {"architectural": 48, "hp_only": 1, "run_dir": "/home/ubuntu/storage1/recursive-mol/results/smiles/run_2", "unclear": 51}], "zero_architectural_changes": false}
[2026-03-15 14:10:43] Starting task 7/34: {'kind': 'agent', 'track': 'smiles', 'run': 4, 'program': 'program.md'}
[2026-03-15 14:10:43] Launching agent step for /home/ubuntu/storage1/recursive-mol/results/smiles/run_4 experiment 12/100
Traceback (most recent call last):
  File "/home/ubuntu/storage1/recursive-mol/src/phase2_runner.py", line 772, in <module>
    main()
  File "/home/ubuntu/storage1/recursive-mol/src/phase2_runner.py", line 692, in main
    run_task(task)
  File "/home/ubuntu/storage1/recursive-mol/src/phase2_runner.py", line 619, in run_task
    run_agent_session(run_dir, track, task["program"])
  File "/home/ubuntu/storage1/recursive-mol/src/phase2_runner.py", line 430, in run_agent_session
    result = subprocess.run(
             ^^^^^^^^^^^^^^^
  File "/home/ubuntu/anaconda3/lib/python3.12/subprocess.py", line 550, in run
    stdout, stderr = process.communicate(input, timeout=timeout)
                     ^^^^^^^^^^^^^^^^^^^^^^^^^^^^^^^^^^^^^^^^^^^
  File "/home/ubuntu/anaconda3/lib/python3.12/subprocess.py", line 1209, in communicate
    stdout, stderr = self._communicate(input, endtime, timeout)
                     ^^^^^^^^^^^^^^^^^^^^^^^^^^^^^^^^^^^^^^^^^^
  File "/home/ubuntu/anaconda3/lib/python3.12/subprocess.py", line 2139, in _communicate
    self.wait(timeout=self._remaining_time(endtime))
  File "/home/ubuntu/anaconda3/lib/python3.12/subprocess.py", line 1264, in wait
    return self._wait(timeout=timeout)
           ^^^^^^^^^^^^^^^^^^^^^^^^^^^
  File "/home/ubuntu/anaconda3/lib/python3.12/subprocess.py", line 2045, in _wait
    time.sleep(delay)
KeyboardInterrupt
