[2026-03-15 14:14:34] Early monitoring: {"kill_condition_triggered": false, "runs": [{"architectural": 39, "hp_only": 0, "run_dir": "/home/ubuntu/storage1/recursive-mol/results/smiles/run_1", "unclear": 61}, {"architectural": 48, "hp_only": 1, "run_dir": "/home/ubuntu/storage1/recursive-mol/results/smiles/run_2", "unclear": 51}], "zero_architectural_changes": false}
[2026-03-15 14:14:34] Starting task 7/34: {'kind': 'agent', 'track': 'smiles', 'run': 4, 'program': 'program.md'}
[2026-03-15 14:14:34] Launching agent step for /home/ubuntu/storage1/recursive-mol/results/smiles/run_4 experiment 12/100
[2026-03-15 14:21:24] /home/ubuntu/storage1/recursive-mol/results/smiles/run_4: recorded experiment row 12/100
[2026-03-15 14:21:24] Launching agent step for /home/ubuntu/storage1/recursive-mol/results/smiles/run_4 experiment 13/100
[2026-03-15 14:28:44] /home/ubuntu/storage1/recursive-mol/results/smiles/run_4: recorded experiment row 13/100
[2026-03-15 14:28:44] Launching agent step for /home/ubuntu/storage1/recursive-mol/results/smiles/run_4 experiment 14/100
[2026-03-15 14:36:50] /home/ubuntu/storage1/recursive-mol/results/smiles/run_4: recorded experiment row 14/100
[2026-03-15 14:36:50] Launching agent step for /home/ubuntu/storage1/recursive-mol/results/smiles/run_4 experiment 15/100
[2026-03-15 14:44:14] /home/ubuntu/storage1/recursive-mol/results/smiles/run_4: recorded experiment row 15/100
[2026-03-15 14:44:14] Launching agent step for /home/ubuntu/storage1/recursive-mol/results/smiles/run_4 experiment 16/100
[2026-03-15 14:52:14] /home/ubuntu/storage1/recursive-mol/results/smiles/run_4: recorded experiment row 16/100
[2026-03-15 14:52:14] Launching agent step for /home/ubuntu/storage1/recursive-mol/results/smiles/run_4 experiment 17/100
[2026-03-15 15:00:08] /home/ubuntu/storage1/recursive-mol/results/smiles/run_4: recorded experiment row 17/100
[2026-03-15 15:00:08] Launching agent step for /home/ubuntu/storage1/recursive-mol/results/smiles/run_4 experiment 18/100
[2026-03-15 15:07:13] /home/ubuntu/storage1/recursive-mol/results/smiles/run_4: recorded experiment row 18/100
[2026-03-15 15:07:13] Launching agent step for /home/ubuntu/storage1/recursive-mol/results/smiles/run_4 experiment 19/100
[2026-03-15 15:15:00] /home/ubuntu/storage1/recursive-mol/results/smiles/run_4: recorded experiment row 19/100
[2026-03-15 15:15:00] Launching agent step for /home/ubuntu/storage1/recursive-mol/results/smiles/run_4 experiment 20/100
[2026-03-15 15:23:00] /home/ubuntu/storage1/recursive-mol/results/smiles/run_4: recorded experiment row 20/100
[2026-03-15 15:23:00] Launching agent step for /home/ubuntu/storage1/recursive-mol/results/smiles/run_4 experiment 21/100
[2026-03-15 15:31:02] /home/ubuntu/storage1/recursive-mol/results/smiles/run_4: recorded experiment row 21/100
[2026-03-15 15:31:02] Launching agent step for /home/ubuntu/storage1/recursive-mol/results/smiles/run_4 experiment 22/100
[2026-03-15 15:39:05] /home/ubuntu/storage1/recursive-mol/results/smiles/run_4: recorded experiment row 22/100
[2026-03-15 15:39:05] Launching agent step for /home/ubuntu/storage1/recursive-mol/results/smiles/run_4 experiment 23/100
[2026-03-15 15:47:06] /home/ubuntu/storage1/recursive-mol/results/smiles/run_4: recorded experiment row 23/100
[2026-03-15 15:47:06] Launching agent step for /home/ubuntu/storage1/recursive-mol/results/smiles/run_4 experiment 24/100
[2026-03-15 15:54:37] /home/ubuntu/storage1/recursive-mol/results/smiles/run_4: recorded experiment row 24/100
[2026-03-15 15:54:37] Launching agent step for /home/ubuntu/storage1/recursive-mol/results/smiles/run_4 experiment 25/100
[2026-03-15 16:03:50] /home/ubuntu/storage1/recursive-mol/results/smiles/run_4: recorded experiment row 25/100
[2026-03-15 16:03:50] Launching agent step for /home/ubuntu/storage1/recursive-mol/results/smiles/run_4 experiment 26/100
[2026-03-15 16:12:02] /home/ubuntu/storage1/recursive-mol/results/smiles/run_4: recorded experiment row 26/100
[2026-03-15 16:12:02] Launching agent step for /home/ubuntu/storage1/recursive-mol/results/smiles/run_4 experiment 27/100
[2026-03-15 16:20:45] /home/ubuntu/storage1/recursive-mol/results/smiles/run_4: recorded experiment row 27/100
[2026-03-15 16:20:45] Launching agent step for /home/ubuntu/storage1/recursive-mol/results/smiles/run_4 experiment 28/100
[2026-03-15 16:28:44] /home/ubuntu/storage1/recursive-mol/results/smiles/run_4: recorded experiment row 28/100
[2026-03-15 16:28:44] Launching agent step for /home/ubuntu/storage1/recursive-mol/results/smiles/run_4 experiment 29/100
[2026-03-15 16:36:14] /home/ubuntu/storage1/recursive-mol/results/smiles/run_4: recorded experiment row 29/100
[2026-03-15 16:36:14] Launching agent step for /home/ubuntu/storage1/recursive-mol/results/smiles/run_4 experiment 30/100
[2026-03-15 16:43:32] /home/ubuntu/storage1/recursive-mol/results/smiles/run_4: recorded experiment row 30/100
[2026-03-15 16:43:32] Launching agent step for /home/ubuntu/storage1/recursive-mol/results/smiles/run_4 experiment 31/100
[2026-03-15 16:52:04] /home/ubuntu/storage1/recursive-mol/results/smiles/run_4: recorded experiment row 31/100
[2026-03-15 16:52:04] Launching agent step for /home/ubuntu/storage1/recursive-mol/results/smiles/run_4 experiment 32/100
[2026-03-15 16:59:12] /home/ubuntu/storage1/recursive-mol/results/smiles/run_4: recorded experiment row 32/100
[2026-03-15 16:59:12] Launching agent step for /home/ubuntu/storage1/recursive-mol/results/smiles/run_4 experiment 33/100
[2026-03-15 17:06:07] /home/ubuntu/storage1/recursive-mol/results/smiles/run_4: recorded experiment row 33/100
[2026-03-15 17:06:07] Launching agent step for /home/ubuntu/storage1/recursive-mol/results/smiles/run_4 experiment 34/100
[2026-03-15 17:13:29] /home/ubuntu/storage1/recursive-mol/results/smiles/run_4: recorded experiment row 34/100
[2026-03-15 17:13:29] Launching agent step for /home/ubuntu/storage1/recursive-mol/results/smiles/run_4 experiment 35/100
[2026-03-15 17:21:05] /home/ubuntu/storage1/recursive-mol/results/smiles/run_4: recorded experiment row 35/100
[2026-03-15 17:21:05] Launching agent step for /home/ubuntu/storage1/recursive-mol/results/smiles/run_4 experiment 36/100
[2026-03-15 17:29:07] /home/ubuntu/storage1/recursive-mol/results/smiles/run_4: recorded experiment row 36/100
[2026-03-15 17:29:07] Launching agent step for /home/ubuntu/storage1/recursive-mol/results/smiles/run_4 experiment 37/100
[2026-03-15 17:36:20] /home/ubuntu/storage1/recursive-mol/results/smiles/run_4: recorded experiment row 37/100
[2026-03-15 17:36:20] Launching agent step for /home/ubuntu/storage1/recursive-mol/results/smiles/run_4 experiment 38/100
[2026-03-15 17:44:23] /home/ubuntu/storage1/recursive-mol/results/smiles/run_4: recorded experiment row 38/100
[2026-03-15 17:44:23] Launching agent step for /home/ubuntu/storage1/recursive-mol/results/smiles/run_4 experiment 39/100
[2026-03-15 17:52:47] /home/ubuntu/storage1/recursive-mol/results/smiles/run_4: recorded experiment row 39/100
[2026-03-15 17:52:47] Launching agent step for /home/ubuntu/storage1/recursive-mol/results/smiles/run_4 experiment 40/100
[2026-03-15 18:00:35] /home/ubuntu/storage1/recursive-mol/results/smiles/run_4: recorded experiment row 40/100
[2026-03-15 18:00:35] Launching agent step for /home/ubuntu/storage1/recursive-mol/results/smiles/run_4 experiment 41/100
[2026-03-15 18:08:09] /home/ubuntu/storage1/recursive-mol/results/smiles/run_4: recorded experiment row 41/100
[2026-03-15 18:08:09] Launching agent step for /home/ubuntu/storage1/recursive-mol/results/smiles/run_4 experiment 42/100
[2026-03-15 18:16:01] /home/ubuntu/storage1/recursive-mol/results/smiles/run_4: recorded experiment row 42/100
[2026-03-15 18:16:01] Launching agent step for /home/ubuntu/storage1/recursive-mol/results/smiles/run_4 experiment 43/100
[2026-03-15 18:23:54] /home/ubuntu/storage1/recursive-mol/results/smiles/run_4: recorded experiment row 43/100
[2026-03-15 18:23:54] Launching agent step for /home/ubuntu/storage1/recursive-mol/results/smiles/run_4 experiment 44/100
[2026-03-15 18:31:25] /home/ubuntu/storage1/recursive-mol/results/smiles/run_4: recorded experiment row 44/100
[2026-03-15 18:31:25] Launching agent step for /home/ubuntu/storage1/recursive-mol/results/smiles/run_4 experiment 45/100
[2026-03-15 18:38:02] /home/ubuntu/storage1/recursive-mol/results/smiles/run_4: recorded experiment row 45/100
[2026-03-15 18:38:02] Launching agent step for /home/ubuntu/storage1/recursive-mol/results/smiles/run_4 experiment 46/100
[2026-03-15 18:46:09] /home/ubuntu/storage1/recursive-mol/results/smiles/run_4: recorded experiment row 46/100
[2026-03-15 18:46:09] Launching agent step for /home/ubuntu/storage1/recursive-mol/results/smiles/run_4 experiment 47/100
[2026-03-15 18:53:32] /home/ubuntu/storage1/recursive-mol/results/smiles/run_4: recorded experiment row 47/100
[2026-03-15 18:53:32] Launching agent step for /home/ubuntu/storage1/recursive-mol/results/smiles/run_4 experiment 48/100
[2026-03-15 19:01:34] /home/ubuntu/storage1/recursive-mol/results/smiles/run_4: recorded experiment row 48/100
[2026-03-15 19:01:34] Launching agent step for /home/ubuntu/storage1/recursive-mol/results/smiles/run_4 experiment 49/100
[2026-03-15 19:09:00] /home/ubuntu/storage1/recursive-mol/results/smiles/run_4: recorded experiment row 49/100
[2026-03-15 19:09:00] Launching agent step for /home/ubuntu/storage1/recursive-mol/results/smiles/run_4 experiment 50/100
[2026-03-15 19:16:18] /home/ubuntu/storage1/recursive-mol/results/smiles/run_4: recorded experiment row 50/100
[2026-03-15 19:16:18] Launching agent step for /home/ubuntu/storage1/recursive-mol/results/smiles/run_4 experiment 51/100
[2026-03-15 19:23:30] /home/ubuntu/storage1/recursive-mol/results/smiles/run_4: recorded experiment row 51/100
[2026-03-15 19:23:30] Launching agent step for /home/ubuntu/storage1/recursive-mol/results/smiles/run_4 experiment 52/100
[2026-03-15 19:31:24] /home/ubuntu/storage1/recursive-mol/results/smiles/run_4: recorded experiment row 52/100
[2026-03-15 19:31:24] Launching agent step for /home/ubuntu/storage1/recursive-mol/results/smiles/run_4 experiment 53/100
[2026-03-15 19:38:35] /home/ubuntu/storage1/recursive-mol/results/smiles/run_4: recorded experiment row 53/100
[2026-03-15 19:38:35] Launching agent step for /home/ubuntu/storage1/recursive-mol/results/smiles/run_4 experiment 54/100
[2026-03-15 19:47:35] /home/ubuntu/storage1/recursive-mol/results/smiles/run_4: recorded experiment row 54/100
[2026-03-15 19:47:35] Launching agent step for /home/ubuntu/storage1/recursive-mol/results/smiles/run_4 experiment 55/100
[2026-03-15 19:54:53] /home/ubuntu/storage1/recursive-mol/results/smiles/run_4: recorded experiment row 55/100
[2026-03-15 19:54:53] Launching agent step for /home/ubuntu/storage1/recursive-mol/results/smiles/run_4 experiment 56/100
[2026-03-15 20:03:18] /home/ubuntu/storage1/recursive-mol/results/smiles/run_4: recorded experiment row 56/100
[2026-03-15 20:03:18] Launching agent step for /home/ubuntu/storage1/recursive-mol/results/smiles/run_4 experiment 57/100
[2026-03-15 20:10:50] /home/ubuntu/storage1/recursive-mol/results/smiles/run_4: recorded experiment row 57/100
[2026-03-15 20:10:50] Launching agent step for /home/ubuntu/storage1/recursive-mol/results/smiles/run_4 experiment 58/100
[2026-03-15 20:18:05] /home/ubuntu/storage1/recursive-mol/results/smiles/run_4: recorded experiment row 58/100
[2026-03-15 20:18:05] Launching agent step for /home/ubuntu/storage1/recursive-mol/results/smiles/run_4 experiment 59/100
[2026-03-15 20:25:30] /home/ubuntu/storage1/recursive-mol/results/smiles/run_4: recorded experiment row 59/100
[2026-03-15 20:25:30] Launching agent step for /home/ubuntu/storage1/recursive-mol/results/smiles/run_4 experiment 60/100
[2026-03-15 20:33:04] /home/ubuntu/storage1/recursive-mol/results/smiles/run_4: recorded experiment row 60/100
[2026-03-15 20:33:04] Launching agent step for /home/ubuntu/storage1/recursive-mol/results/smiles/run_4 experiment 61/100
[2026-03-15 20:40:48] /home/ubuntu/storage1/recursive-mol/results/smiles/run_4: recorded experiment row 61/100
[2026-03-15 20:40:48] Launching agent step for /home/ubuntu/storage1/recursive-mol/results/smiles/run_4 experiment 62/100
[2026-03-15 20:48:14] /home/ubuntu/storage1/recursive-mol/results/smiles/run_4: recorded experiment row 62/100
[2026-03-15 20:48:14] Launching agent step for /home/ubuntu/storage1/recursive-mol/results/smiles/run_4 experiment 63/100
[2026-03-15 20:55:15] /home/ubuntu/storage1/recursive-mol/results/smiles/run_4: recorded experiment row 63/100
[2026-03-15 20:55:15] Launching agent step for /home/ubuntu/storage1/recursive-mol/results/smiles/run_4 experiment 64/100
[2026-03-15 21:03:23] /home/ubuntu/storage1/recursive-mol/results/smiles/run_4: recorded experiment row 64/100
[2026-03-15 21:03:23] Launching agent step for /home/ubuntu/storage1/recursive-mol/results/smiles/run_4 experiment 65/100
[2026-03-15 21:11:16] /home/ubuntu/storage1/recursive-mol/results/smiles/run_4: recorded experiment row 65/100
[2026-03-15 21:11:16] Launching agent step for /home/ubuntu/storage1/recursive-mol/results/smiles/run_4 experiment 66/100
[2026-03-15 21:19:41] /home/ubuntu/storage1/recursive-mol/results/smiles/run_4: recorded experiment row 66/100
[2026-03-15 21:19:41] Launching agent step for /home/ubuntu/storage1/recursive-mol/results/smiles/run_4 experiment 67/100
[2026-03-15 21:28:15] /home/ubuntu/storage1/recursive-mol/results/smiles/run_4: recorded experiment row 67/100
[2026-03-15 21:28:15] Launching agent step for /home/ubuntu/storage1/recursive-mol/results/smiles/run_4 experiment 68/100
[2026-03-15 21:37:32] /home/ubuntu/storage1/recursive-mol/results/smiles/run_4: recorded experiment row 68/100
[2026-03-15 21:37:32] Launching agent step for /home/ubuntu/storage1/recursive-mol/results/smiles/run_4 experiment 69/100
[2026-03-15 21:45:23] /home/ubuntu/storage1/recursive-mol/results/smiles/run_4: recorded experiment row 69/100
[2026-03-15 21:45:23] Launching agent step for /home/ubuntu/storage1/recursive-mol/results/smiles/run_4 experiment 70/100
[2026-03-15 21:54:10] /home/ubuntu/storage1/recursive-mol/results/smiles/run_4: recorded experiment row 70/100
[2026-03-15 21:54:10] Launching agent step for /home/ubuntu/storage1/recursive-mol/results/smiles/run_4 experiment 71/100
[2026-03-15 22:03:07] /home/ubuntu/storage1/recursive-mol/results/smiles/run_4: recorded experiment row 71/100
[2026-03-15 22:03:07] Launching agent step for /home/ubuntu/storage1/recursive-mol/results/smiles/run_4 experiment 72/100
[2026-03-15 22:12:15] /home/ubuntu/storage1/recursive-mol/results/smiles/run_4: recorded experiment row 72/100
[2026-03-15 22:12:15] Launching agent step for /home/ubuntu/storage1/recursive-mol/results/smiles/run_4 experiment 73/100
[2026-03-15 22:20:41] /home/ubuntu/storage1/recursive-mol/results/smiles/run_4: recorded experiment row 73/100
[2026-03-15 22:20:41] Launching agent step for /home/ubuntu/storage1/recursive-mol/results/smiles/run_4 experiment 74/100
[2026-03-15 22:28:38] /home/ubuntu/storage1/recursive-mol/results/smiles/run_4: recorded experiment row 74/100
[2026-03-15 22:28:38] Launching agent step for /home/ubuntu/storage1/recursive-mol/results/smiles/run_4 experiment 75/100
[2026-03-15 22:38:19] /home/ubuntu/storage1/recursive-mol/results/smiles/run_4: recorded experiment row 75/100
[2026-03-15 22:38:19] Launching agent step for /home/ubuntu/storage1/recursive-mol/results/smiles/run_4 experiment 76/100
[2026-03-15 22:47:41] /home/ubuntu/storage1/recursive-mol/results/smiles/run_4: recorded experiment row 76/100
[2026-03-15 22:47:41] Launching agent step for /home/ubuntu/storage1/recursive-mol/results/smiles/run_4 experiment 77/100
[2026-03-15 22:56:22] /home/ubuntu/storage1/recursive-mol/results/smiles/run_4: recorded experiment row 77/100
[2026-03-15 22:56:22] Launching agent step for /home/ubuntu/storage1/recursive-mol/results/smiles/run_4 experiment 78/100
[2026-03-15 23:04:26] /home/ubuntu/storage1/recursive-mol/results/smiles/run_4: recorded experiment row 78/100
[2026-03-15 23:04:26] Launching agent step for /home/ubuntu/storage1/recursive-mol/results/smiles/run_4 experiment 79/100
[2026-03-15 23:11:55] /home/ubuntu/storage1/recursive-mol/results/smiles/run_4: recorded experiment row 79/100
[2026-03-15 23:11:55] Launching agent step for /home/ubuntu/storage1/recursive-mol/results/smiles/run_4 experiment 80/100
[2026-03-15 23:20:17] /home/ubuntu/storage1/recursive-mol/results/smiles/run_4: recorded experiment row 80/100
[2026-03-15 23:20:17] Launching agent step for /home/ubuntu/storage1/recursive-mol/results/smiles/run_4 experiment 81/100
[2026-03-15 23:29:26] /home/ubuntu/storage1/recursive-mol/results/smiles/run_4: recorded experiment row 81/100
[2026-03-15 23:29:26] Launching agent step for /home/ubuntu/storage1/recursive-mol/results/smiles/run_4 experiment 82/100
[2026-03-15 23:37:42] /home/ubuntu/storage1/recursive-mol/results/smiles/run_4: recorded experiment row 82/100
[2026-03-15 23:37:42] Launching agent step for /home/ubuntu/storage1/recursive-mol/results/smiles/run_4 experiment 83/100
[2026-03-15 23:45:30] /home/ubuntu/storage1/recursive-mol/results/smiles/run_4: recorded experiment row 83/100
[2026-03-15 23:45:30] Launching agent step for /home/ubuntu/storage1/recursive-mol/results/smiles/run_4 experiment 84/100
[2026-03-15 23:53:40] /home/ubuntu/storage1/recursive-mol/results/smiles/run_4: recorded experiment row 84/100
[2026-03-15 23:53:40] Launching agent step for /home/ubuntu/storage1/recursive-mol/results/smiles/run_4 experiment 85/100
[2026-03-16 00:01:51] /home/ubuntu/storage1/recursive-mol/results/smiles/run_4: recorded experiment row 85/100
[2026-03-16 00:01:51] Launching agent step for /home/ubuntu/storage1/recursive-mol/results/smiles/run_4 experiment 86/100
[2026-03-16 00:08:55] /home/ubuntu/storage1/recursive-mol/results/smiles/run_4: recorded experiment row 86/100
[2026-03-16 00:08:55] Launching agent step for /home/ubuntu/storage1/recursive-mol/results/smiles/run_4 experiment 87/100
[2026-03-16 00:17:29] /home/ubuntu/storage1/recursive-mol/results/smiles/run_4: recorded experiment row 87/100
[2026-03-16 00:17:29] Launching agent step for /home/ubuntu/storage1/recursive-mol/results/smiles/run_4 experiment 88/100
[2026-03-16 00:24:59] /home/ubuntu/storage1/recursive-mol/results/smiles/run_4: recorded experiment row 88/100
[2026-03-16 00:24:59] Launching agent step for /home/ubuntu/storage1/recursive-mol/results/smiles/run_4 experiment 89/100
[2026-03-16 00:34:10] /home/ubuntu/storage1/recursive-mol/results/smiles/run_4: recorded experiment row 89/100
[2026-03-16 00:34:10] Launching agent step for /home/ubuntu/storage1/recursive-mol/results/smiles/run_4 experiment 90/100
[2026-03-16 00:42:52] /home/ubuntu/storage1/recursive-mol/results/smiles/run_4: recorded experiment row 90/100
[2026-03-16 00:42:52] Launching agent step for /home/ubuntu/storage1/recursive-mol/results/smiles/run_4 experiment 91/100
[2026-03-16 00:51:17] /home/ubuntu/storage1/recursive-mol/results/smiles/run_4: recorded experiment row 91/100
[2026-03-16 00:51:17] Launching agent step for /home/ubuntu/storage1/recursive-mol/results/smiles/run_4 experiment 92/100
[2026-03-16 00:58:40] /home/ubuntu/storage1/recursive-mol/results/smiles/run_4: recorded experiment row 92/100
[2026-03-16 00:58:40] Launching agent step for /home/ubuntu/storage1/recursive-mol/results/smiles/run_4 experiment 93/100
[2026-03-16 01:06:03] /home/ubuntu/storage1/recursive-mol/results/smiles/run_4: recorded experiment row 93/100
[2026-03-16 01:06:03] Launching agent step for /home/ubuntu/storage1/recursive-mol/results/smiles/run_4 experiment 94/100
[2026-03-16 01:13:35] /home/ubuntu/storage1/recursive-mol/results/smiles/run_4: recorded experiment row 94/100
[2026-03-16 01:13:35] Launching agent step for /home/ubuntu/storage1/recursive-mol/results/smiles/run_4 experiment 95/100
[2026-03-16 01:21:11] /home/ubuntu/storage1/recursive-mol/results/smiles/run_4: recorded experiment row 95/100
[2026-03-16 01:21:11] Launching agent step for /home/ubuntu/storage1/recursive-mol/results/smiles/run_4 experiment 96/100
[2026-03-16 01:28:58] /home/ubuntu/storage1/recursive-mol/results/smiles/run_4: recorded experiment row 96/100
[2026-03-16 01:28:58] Launching agent step for /home/ubuntu/storage1/recursive-mol/results/smiles/run_4 experiment 97/100
[2026-03-16 01:37:12] /home/ubuntu/storage1/recursive-mol/results/smiles/run_4: recorded experiment row 97/100
[2026-03-16 01:37:12] Launching agent step for /home/ubuntu/storage1/recursive-mol/results/smiles/run_4 experiment 98/100
[2026-03-16 01:45:12] /home/ubuntu/storage1/recursive-mol/results/smiles/run_4: recorded experiment row 98/100
[2026-03-16 01:45:12] Launching agent step for /home/ubuntu/storage1/recursive-mol/results/smiles/run_4 experiment 99/100
[2026-03-16 01:53:25] /home/ubuntu/storage1/recursive-mol/results/smiles/run_4: recorded experiment row 99/100
[2026-03-16 01:53:25] Launching agent step for /home/ubuntu/storage1/recursive-mol/results/smiles/run_4 experiment 100/100
[2026-03-16 02:01:31] /home/ubuntu/storage1/recursive-mol/results/smiles/run_4: recorded experiment row 100/100
[2026-03-16 02:01:31] Starting task 8/34: {'kind': 'random_nas', 'track': 'protein', 'run': 1}
[2026-03-16 02:56:53] run_1: completed random NAS experiment 10/100
[2026-03-16 03:53:51] run_1: completed random NAS experiment 20/100
[2026-03-16 04:48:10] run_1: completed random NAS experiment 30/100
[2026-03-16 05:46:04] run_1: completed random NAS experiment 40/100
[2026-03-16 06:42:46] run_1: completed random NAS experiment 50/100
[2026-03-16 07:40:42] run_1: completed random NAS experiment 60/100
[2026-03-16 08:34:34] run_1: completed random NAS experiment 70/100
